<?xml version="1.0" encoding="UTF-8"?>
<!-- Generated by org.testng.reporters.JUnitReportReporter -->
<testsuite name="org.testing.TestScripts.TC2" tests="1" time="0.172" ignored="0" failures="0" timestamp="07 Jul 2021 12:43:02 GMT" skipped="0" hostname="PradeepVerma" errors="0">
  <testcase name="getRequestTC" time="0.172" classname="org.testing.TestScripts.TC2"/>
</testsuite> <!-- org.testing.TestScripts.TC2 -->
