<?xml version="1.0" encoding="UTF-8"?>
<!-- Generated by org.testng.reporters.JUnitReportReporter -->
<testsuite name="org.testing.TestScripts.TC1_PostRequest" tests="1" time="2.085" ignored="0" failures="0" timestamp="05 Jul 2021 18:28:53 GMT" skipped="0" hostname="PradeepVerma" errors="0">
  <testcase name="tc1" time="2.085" classname="org.testing.TestScripts.TC1_PostRequest"/>
</testsuite> <!-- org.testing.TestScripts.TC1_PostRequest -->
