<?xml version="1.0" encoding="UTF-8"?>
<!-- Generated by org.testng.reporters.JUnitReportReporter -->
<testsuite name="org.testing.TestScripts.TC2_parseFromTC1" tests="1" time="0.146" ignored="0" failures="0" timestamp="05 Jul 2021 18:28:53 GMT" skipped="0" hostname="PradeepVerma" errors="0">
  <testcase name="tc2" time="0.146" classname="org.testing.TestScripts.TC2_parseFromTC1"/>
</testsuite> <!-- org.testing.TestScripts.TC2_parseFromTC1 -->
